[13:49:08] [main/INFO] (FabricLoader/GameProvider) Loading Minecraft 1.21.4 with Fabric Loader 0.16.10
[13:49:08] [main/INFO] (FabricLoader) Loading 55 mods:
	- fabric-api 0.115.0+1.21.4
	- fabric-api-base 0.4.54+b47eab6b04
	- fabric-api-lookup-api-v1 1.6.86+b1caf1e904
	- fabric-biome-api-v1 15.0.6+b1c29d8e04
	- fabric-block-api-v1 1.0.31+7feeb73304
	- fabric-block-view-api-v2 1.0.19+7feeb73304
	- fabric-blockrenderlayer-v1 2.0.8+7feeb73304
	- fabric-client-gametest-api-v1 3.2.0+a069796e04
	- fabric-client-tags-api-v1 1.1.29+20ea1e2304
	- fabric-command-api-v1 1.2.62+f71b366f04
	- fabric-command-api-v2 2.2.41+e496eb1504
	- fabric-commands-v0 0.2.79+df3654b304
	- fabric-content-registries-v0 9.1.16+7feeb73304
	- fabric-convention-tags-v1 2.1.14+7f945d5b04
	- fabric-convention-tags-v2 2.12.0+2f1398f104
	- fabric-crash-report-info-v1 0.3.6+7feeb73304
	- fabric-data-attachment-api-v1 1.5.1+8212661004
	- fabric-data-generation-api-v1 22.2.8+20ea1e2304
	- fabric-dimensions-v1 4.0.10+7feeb73304
	- fabric-entity-events-v1 2.0.13+1934821104
	- fabric-events-interaction-v0 4.0.3+a4eebcf004
	- fabric-game-rule-api-v1 1.0.63+7d48d43904
	- fabric-gametest-api-v1 2.0.23+7feeb73304
	- fabric-item-api-v1 11.1.16+203e6b2304
	- fabric-item-group-api-v1 4.1.25+9a56a7cd04
	- fabric-key-binding-api-v1 1.0.57+7d48d43904
	- fabric-keybindings-v0 0.2.55+df3654b304
	- fabric-lifecycle-events-v1 2.5.4+bf2a60eb04
	- fabric-loot-api-v2 3.0.35+3f89f5a504
	- fabric-loot-api-v3 1.0.23+203e6b2304
	- fabric-message-api-v1 6.0.25+7feeb73304
	- fabric-model-loading-api-v1 4.2.1+8041d50704
	- fabric-networking-api-v1 4.3.10+8998135104
	- fabric-object-builder-api-v1 18.0.10+7d48d43904
	- fabric-particles-v1 4.0.14+7feeb73304
	- fabric-recipe-api-v1 8.0.9+160b66fa04
	- fabric-registry-sync-v0 6.1.6+9a56a7cd04
	- fabric-renderer-api-v1 5.0.3+50f0feb204
	- fabric-renderer-indigo 2.0.3+50f0feb204
	- fabric-rendering-data-attachment-v1 0.3.57+73761d2e04
	- fabric-rendering-fluids-v1 3.1.19+7feeb73304
	- fabric-rendering-v1 10.1.2+b874120c04
	- fabric-resource-conditions-api-v1 5.0.13+203e6b2304
	- fabric-resource-loader-v0 3.0.13+9a56a7cd04
	- fabric-screen-api-v1 2.0.38+7feeb73304
	- fabric-screen-handler-api-v1 1.3.113+7feeb73304
	- fabric-sound-api-v1 1.0.32+7feeb73304
	- fabric-tag-api-v1 1.0.4+7d48d43904
	- fabric-transfer-api-v1 5.4.9+efa825c904
	- fabric-transitive-access-wideners-v1 6.3.2+56e78b9b04
	- fabricloader 0.16.10
	- java 21
	- minecraft 1.21.4
	- mixinextras 0.4.1
	- yoltronzmod4j 1.0.0
[13:49:09] [main/INFO] (FabricLoader/Mixin) SpongePowered MIXIN Subsystem Version=0.8.7 Source=file:/C:/Users/Darren/.gradle/caches/modules-2/files-2.1/net.fabricmc/sponge-mixin/0.15.4+mixin.0.8.7/6a12aacc794f1078458433116e9ed42c1cc98096/sponge-mixin-0.15.4+mixin.0.8.7.jar Service=Knot/Fabric Env=CLIENT
[13:49:09] [main/INFO] (FabricLoader/Mixin) Loaded Fabric development mappings for mixin remapper!
[13:49:09] [main/INFO] (FabricLoader/Mixin) Compatibility level set to JAVA_21
[13:49:10] [main/INFO] (FabricLoader/MixinExtras|Service) Initializing MixinExtras via com.llamalad7.mixinextras.service.MixinExtrasServiceImpl(version=0.4.1).
[13:49:12] [Datafixer Bootstrap/INFO] (Minecraft) 243 Datafixer optimizations took 488 milliseconds
[13:49:18] [Render thread/INFO] (Minecraft) Environment: Environment[sessionHost=https://sessionserver.mojang.com, servicesHost=https://api.minecraftservices.com, name=PROD]
[13:49:18] [Render thread/INFO] (Minecraft) Setting user: Player60
[13:49:18] [Render thread/INFO] (yoltronzmod4j) Registering Item Groups for yoltronzmod4j
[13:49:18] [Render thread/INFO] (yoltronzmod4j) Registering Mod Items for yoltronzmod4j
[13:49:18] [Render thread/INFO] (yoltronzmod4j) Registering Mod Blocks for yoltronzmod4j
[13:49:18] [Render thread/INFO] (Indigo) [Indigo] Registering Indigo renderer!
[13:49:19] [Render thread/INFO] (FabricDataGenHelper) Running data generator for yoltronzmod4j
[13:49:19] [Render thread/INFO] (Minecraft) Starting provider: YoltronzMod4J/Tags for minecraft:block
[13:49:19] [Render thread/INFO] (Minecraft) YoltronzMod4J/Tags for minecraft:block finished after 15 ms
[13:49:19] [Render thread/INFO] (Minecraft) Starting provider: YoltronzMod4J/Tags for minecraft:item
[13:49:19] [Render thread/INFO] (Minecraft) YoltronzMod4J/Tags for minecraft:item finished after 3 ms
[13:49:19] [Render thread/INFO] (Minecraft) Starting provider: YoltronzMod4J/Block Loot Tables
[13:49:19] [Render thread/INFO] (Minecraft) YoltronzMod4J/Block Loot Tables finished after 14 ms
[13:49:19] [Render thread/INFO] (Minecraft) Starting provider: YoltronzMod4J/Model Definitions
[13:49:19] [Render thread/INFO] (Minecraft) YoltronzMod4J/Model Definitions finished after 59 ms
[13:49:19] [Render thread/INFO] (Minecraft) Starting provider: YoltronzMod4J/
[13:49:19] [Render thread/INFO] (Minecraft) YoltronzMod4J/ finished after 37 ms
[13:49:19] [Render thread/INFO] (Minecraft) All providers took: 131 ms
[13:49:19] [Render thread/INFO] (Minecraft) Caching: total files: 46, old count: 0, new count: 47, removed stale: 0, written: 46
